Copyright 1986-2015 Xilinx, Inc. All Rights Reserved.
------------------------------------------------------------------------------------
| Tool Version : Vivado v.2015.2 (win64) Build 1266856 Fri Jun 26 16:35:25 MDT 2015
| Date         : Wed Nov 18 21:45:29 2015
| Host         : Jorge-PC running 64-bit major release  (build 9200)
| Command      : report_drc
------------------------------------------------------------------------------------

Report DRC

Table of Contents
-----------------
1. REPORT SUMMARY
2. REPORT DETAILS

1. REPORT SUMMARY
-----------------
            Netlist: netlist
          Floorplan: design_1
      Design limits: <entire design considered>
           Ruledeck: default
             Max violations: <unlimited>
             Violations found: 22

2. REPORT DETAILS
-----------------
BUFC-1#1 Warning
Input Buffer Connections  
Input buffer btn[0]_IBUF_inst has no loads. An input buffer must drive an internal load.
Related violations: <none>

BUFC-1#2 Warning
Input Buffer Connections  
Input buffer btn[1]_IBUF_inst has no loads. An input buffer must drive an internal load.
Related violations: <none>

BUFC-1#3 Warning
Input Buffer Connections  
Input buffer btn[2]_IBUF_inst has no loads. An input buffer must drive an internal load.
Related violations: <none>

BUFC-1#4 Warning
Input Buffer Connections  
Input buffer btn[3]_IBUF_inst has no loads. An input buffer must drive an internal load.
Related violations: <none>

BUFC-1#5 Warning
Input Buffer Connections  
Input buffer btn[4]_IBUF_inst has no loads. An input buffer must drive an internal load.
Related violations: <none>

BUFC-1#6 Warning
Input Buffer Connections  
Input buffer sw[0]_IBUF_inst has no loads. An input buffer must drive an internal load.
Related violations: <none>

BUFC-1#7 Warning
Input Buffer Connections  
Input buffer sw[10]_IBUF_inst has no loads. An input buffer must drive an internal load.
Related violations: <none>

BUFC-1#8 Warning
Input Buffer Connections  
Input buffer sw[11]_IBUF_inst has no loads. An input buffer must drive an internal load.
Related violations: <none>

BUFC-1#9 Warning
Input Buffer Connections  
Input buffer sw[12]_IBUF_inst has no loads. An input buffer must drive an internal load.
Related violations: <none>

BUFC-1#10 Warning
Input Buffer Connections  
Input buffer sw[13]_IBUF_inst has no loads. An input buffer must drive an internal load.
Related violations: <none>

BUFC-1#11 Warning
Input Buffer Connections  
Input buffer sw[14]_IBUF_inst has no loads. An input buffer must drive an internal load.
Related violations: <none>

BUFC-1#12 Warning
Input Buffer Connections  
Input buffer sw[15]_IBUF_inst has no loads. An input buffer must drive an internal load.
Related violations: <none>

BUFC-1#13 Warning
Input Buffer Connections  
Input buffer sw[1]_IBUF_inst has no loads. An input buffer must drive an internal load.
Related violations: <none>

BUFC-1#14 Warning
Input Buffer Connections  
Input buffer sw[2]_IBUF_inst has no loads. An input buffer must drive an internal load.
Related violations: <none>

BUFC-1#15 Warning
Input Buffer Connections  
Input buffer sw[3]_IBUF_inst has no loads. An input buffer must drive an internal load.
Related violations: <none>

BUFC-1#16 Warning
Input Buffer Connections  
Input buffer sw[4]_IBUF_inst has no loads. An input buffer must drive an internal load.
Related violations: <none>

BUFC-1#17 Warning
Input Buffer Connections  
Input buffer sw[5]_IBUF_inst has no loads. An input buffer must drive an internal load.
Related violations: <none>

BUFC-1#18 Warning
Input Buffer Connections  
Input buffer sw[6]_IBUF_inst has no loads. An input buffer must drive an internal load.
Related violations: <none>

BUFC-1#19 Warning
Input Buffer Connections  
Input buffer sw[7]_IBUF_inst has no loads. An input buffer must drive an internal load.
Related violations: <none>

BUFC-1#20 Warning
Input Buffer Connections  
Input buffer sw[8]_IBUF_inst has no loads. An input buffer must drive an internal load.
Related violations: <none>

BUFC-1#21 Warning
Input Buffer Connections  
Input buffer sw[9]_IBUF_inst has no loads. An input buffer must drive an internal load.
Related violations: <none>

RTSTAT-10#1 Warning
No routable loads  
21 net(s) have no routable loads. The problem bus(es) and/or net(s) are btn[0]_IBUF, btn[1]_IBUF, btn[2]_IBUF, btn[3]_IBUF, btn[4]_IBUF, sw[0]_IBUF, sw[1]_IBUF, sw[2]_IBUF, sw[3]_IBUF, sw[4]_IBUF, sw[5]_IBUF, sw[6]_IBUF, sw[7]_IBUF, sw[8]_IBUF, sw[9]_IBUF (the first 15 of 21 listed).
Related violations: <none>


