Copyright 1986-2015 Xilinx, Inc. All Rights Reserved.
------------------------------------------------------------------------------------
| Tool Version : Vivado v.2015.2 (win64) Build 1266856 Fri Jun 26 16:35:25 MDT 2015
| Date         : Sat Oct 03 18:23:04 2015
| Host         : NB-Nacosta running 64-bit major release  (build 9200)
| Command      : report_drc
------------------------------------------------------------------------------------

Report DRC

Table of Contents
-----------------
1. REPORT SUMMARY
2. REPORT DETAILS

1. REPORT SUMMARY
-----------------
            Netlist: netlist
          Floorplan: design_1
      Design limits: <entire design considered>
           Ruledeck: default
             Max violations: <unlimited>
             Violations found: 6

2. REPORT DETAILS
-----------------
BUFC-1#1 Warning
Input Buffer Connections  
Input buffer btn[0]_IBUF_inst has no loads. An input buffer must drive an internal load.
Related violations: <none>

BUFC-1#2 Warning
Input Buffer Connections  
Input buffer btn[1]_IBUF_inst has no loads. An input buffer must drive an internal load.
Related violations: <none>

BUFC-1#3 Warning
Input Buffer Connections  
Input buffer btn[2]_IBUF_inst has no loads. An input buffer must drive an internal load.
Related violations: <none>

BUFC-1#4 Warning
Input Buffer Connections  
Input buffer btn[3]_IBUF_inst has no loads. An input buffer must drive an internal load.
Related violations: <none>

BUFC-1#5 Warning
Input Buffer Connections  
Input buffer btn[4]_IBUF_inst has no loads. An input buffer must drive an internal load.
Related violations: <none>

RTSTAT-10#1 Warning
No routable loads  
5 net(s) have no routable loads. The problem bus(es) and/or net(s) are btn[0]_IBUF, btn[1]_IBUF, btn[2]_IBUF, btn[3]_IBUF, btn[4]_IBUF.
Related violations: <none>


