#-----------------------------------------------------------
# Vivado v2015.2 (64-bit)
# SW Build 1266856 on Fri Jun 26 16:35:25 MDT 2015
# IP Build 1264090 on Wed Jun 24 14:22:01 MDT 2015
# Start of session at: Mon Sep 14 00:23:44 2015
# Process ID: 1116
# Log file: C:/Users/Nacosta/Documents/DEV/Arqui/ArquiProyectos/Entrega 1/vivado.log
# Journal file: C:/Users/Nacosta/Documents/DEV/Arqui/ArquiProyectos/Entrega 1\vivado.jou
#-----------------------------------------------------------
start_gui
open_project {C:/Users/Nacosta/Documents/DEV/Arqui/ArquiProyectos/Entrega 1/Proyecto Base.xpr}
Scanning sources...
Finished scanning sources
INFO: [IP_Flow 19-234] Refreshing IP repositories
INFO: [IP_Flow 19-1704] No user IP repositories specified
INFO: [IP_Flow 19-2313] Loaded Vivado IP repository 'C:/Xilinx/Vivado/2015.2/data/ip'.
open_project: Time (s): cpu = 00:00:26 ; elapsed = 00:00:12 . Memory (MB): peak = 745.641 ; gain = 177.457
reset_run synth_1
launch_runs impl_1 -to_step write_bitstream
[Mon Sep 14 00:24:56 2015] Launched synth_1...
Run output will be captured here: C:/Users/Nacosta/Documents/DEV/Arqui/ArquiProyectos/Entrega 1/Proyecto Base.runs/synth_1/runme.log
[Mon Sep 14 00:24:56 2015] Launched impl_1...
Run output will be captured here: C:/Users/Nacosta/Documents/DEV/Arqui/ArquiProyectos/Entrega 1/Proyecto Base.runs/impl_1/runme.log
open_hw
exit
INFO: [Common 17-206] Exiting Vivado at Mon Sep 14 00:46:48 2015...
