#-----------------------------------------------------------
# Vivado v2015.2 (64-bit)
# SW Build 1266856 on Fri Jun 26 16:35:25 MDT 2015
# IP Build 1264090 on Wed Jun 24 14:22:01 MDT 2015
# Start of session at: Sun Nov 01 22:32:55 2015
# Process ID: 6436
# Log file: C:/Users/Jorge/Desktop/ArquiProyectos/Entrega 3/vivado.log
# Journal file: C:/Users/Jorge/Desktop/ArquiProyectos/Entrega 3\vivado.jou
#-----------------------------------------------------------
start_gui
open_project {C:/Users/Jorge/Desktop/ArquiProyectos/Entrega 3/Proyecto Base.xpr}
INFO: [Project 1-313] Project file moved from 'C:/Users/Nacosta/Documents/DEV/Arqui/ArquiProyectos/Entrega 3' since last save.
Scanning sources...
Finished scanning sources
INFO: [IP_Flow 19-234] Refreshing IP repositories
INFO: [IP_Flow 19-1704] No user IP repositories specified
INFO: [IP_Flow 19-2313] Loaded Vivado IP repository 'C:/Xilinx/Vivado/2015.2/data/ip'.
open_project: Time (s): cpu = 00:00:15 ; elapsed = 00:00:06 . Memory (MB): peak = 721.512 ; gain = 160.336
exit
INFO: [Common 17-206] Exiting Vivado at Sun Nov 01 22:35:07 2015...
