#-----------------------------------------------------------
# Vivado v2015.2 (64-bit)
# SW Build 1266856 on Fri Jun 26 16:35:25 MDT 2015
# IP Build 1264090 on Wed Jun 24 14:22:01 MDT 2015
# Start of session at: Fri Nov 20 23:44:25 2015
# Process ID: 5616
# Log file: C:/Users/Jorge/Desktop/ArquiProyectos/Entrega 4/vivado.log
# Journal file: C:/Users/Jorge/Desktop/ArquiProyectos/Entrega 4\vivado.jou
#-----------------------------------------------------------
start_gui
open_project {C:/Users/Jorge/Desktop/ArquiProyectos/Entrega 4/Proyecto Base.xpr}
INFO: [Project 1-313] Project file moved from 'C:/Users/Benjamin/Desktop/ArquiProyectos/Entrega 4' since last save.
Scanning sources...
Finished scanning sources
INFO: [IP_Flow 19-234] Refreshing IP repositories
INFO: [IP_Flow 19-1704] No user IP repositories specified
INFO: [IP_Flow 19-2313] Loaded Vivado IP repository 'C:/Xilinx/Vivado/2015.2/data/ip'.
open_project: Time (s): cpu = 00:00:18 ; elapsed = 00:00:08 . Memory (MB): peak = 732.777 ; gain = 163.066
add_files -norecurse {{C:/Users/Jorge/Desktop/ArquiProyectos/Entrega 4/Proyecto Base.srcs/sources_1/new/Decoder.vhd}}
update_compile_order -fileset sources_1
update_compile_order -fileset sources_1
exit
INFO: [Common 17-206] Exiting Vivado at Sat Nov 21 00:02:59 2015...
