#-----------------------------------------------------------
# Vivado v2015.2 (64-bit)
# SW Build 1266856 on Fri Jun 26 16:35:25 MDT 2015
# IP Build 1264090 on Wed Jun 24 14:22:01 MDT 2015
# Start of session at: Sat Oct 17 18:45:09 2015
# Process ID: 8564
# Log file: C:/Users/Nacosta/Documents/DEV/Arqui/Entrega 3/vivado.log
# Journal file: C:/Users/Nacosta/Documents/DEV/Arqui/Entrega 3\vivado.jou
#-----------------------------------------------------------
start_gui
open_project {C:/Users/Nacosta/Documents/DEV/Arqui/Entrega 3/Proyecto Base.xpr}
INFO: [Project 1-313] Project file moved from 'C:/Users/Nacosta/Documents/DEV/Arqui/ArquiProyectos/Entrega 3' since last save.
Scanning sources...
Finished scanning sources
INFO: [IP_Flow 19-234] Refreshing IP repositories
INFO: [IP_Flow 19-1704] No user IP repositories specified
INFO: [IP_Flow 19-2313] Loaded Vivado IP repository 'C:/Xilinx/Vivado/2015.2/data/ip'.
open_project: Time (s): cpu = 00:00:22 ; elapsed = 00:00:11 . Memory (MB): peak = 721.961 ; gain = 174.902
reset_run synth_1
launch_runs impl_1
[Sat Oct 17 18:47:01 2015] Launched synth_1...
Run output will be captured here: C:/Users/Nacosta/Documents/DEV/Arqui/Entrega 3/Proyecto Base.runs/synth_1/runme.log
[Sat Oct 17 18:47:02 2015] Launched impl_1...
Run output will be captured here: C:/Users/Nacosta/Documents/DEV/Arqui/Entrega 3/Proyecto Base.runs/impl_1/runme.log
close [ open {C:/Users/Nacosta/Documents/DEV/Arqui/Entrega 3/Proyecto Base.srcs/sources_1/new/MUX_16b.vhd} w ]
add_files {{C:/Users/Nacosta/Documents/DEV/Arqui/Entrega 3/Proyecto Base.srcs/sources_1/new/MUX_16b.vhd}}
update_compile_order -fileset sources_1
remove_files {{C:/Users/Nacosta/Documents/DEV/Arqui/Entrega 3/Proyecto Base.srcs/sources_1/new/MUX_16b.vhd}}
close [ open {C:/Users/Nacosta/Documents/DEV/Arqui/Entrega 3/Proyecto Base.srcs/sources_1/new/MUXIO.vhd} w ]
add_files {{C:/Users/Nacosta/Documents/DEV/Arqui/Entrega 3/Proyecto Base.srcs/sources_1/new/MUXIO.vhd}}
update_compile_order -fileset sources_1
reset_run synth_1
launch_runs impl_1
[Sat Oct 17 19:36:57 2015] Launched synth_1...
Run output will be captured here: C:/Users/Nacosta/Documents/DEV/Arqui/Entrega 3/Proyecto Base.runs/synth_1/runme.log
[Sat Oct 17 19:36:57 2015] Launched impl_1...
Run output will be captured here: C:/Users/Nacosta/Documents/DEV/Arqui/Entrega 3/Proyecto Base.runs/impl_1/runme.log
reset_run synth_1
launch_runs impl_1
[Sat Oct 17 19:43:11 2015] Launched synth_1...
Run output will be captured here: C:/Users/Nacosta/Documents/DEV/Arqui/Entrega 3/Proyecto Base.runs/synth_1/runme.log
[Sat Oct 17 19:43:11 2015] Launched impl_1...
Run output will be captured here: C:/Users/Nacosta/Documents/DEV/Arqui/Entrega 3/Proyecto Base.runs/impl_1/runme.log
close [ open {C:/Users/Nacosta/Documents/DEV/Arqui/Entrega 3/Proyecto Base.srcs/sources_1/new/MUX_2b_12d.vhd} w ]
add_files {{C:/Users/Nacosta/Documents/DEV/Arqui/Entrega 3/Proyecto Base.srcs/sources_1/new/MUX_2b_12d.vhd}}
update_compile_order -fileset sources_1
exit
INFO: [Common 17-206] Exiting Vivado at Sun Oct 18 02:34:49 2015...
