#-----------------------------------------------------------
# Vivado v2015.2 (64-bit)
# SW Build 1266856 on Fri Jun 26 16:35:25 MDT 2015
# IP Build 1264090 on Wed Jun 24 14:22:01 MDT 2015
# Start of session at: Thu Nov 19 00:04:40 2015
# Process ID: 7336
# Log file: C:/Users/Jorge/Desktop/ArquiProyectos/Entrega 3/vivado.log
# Journal file: C:/Users/Jorge/Desktop/ArquiProyectos/Entrega 3\vivado.jou
#-----------------------------------------------------------
start_gui
open_project {C:/Users/Jorge/Desktop/ArquiProyectos/Entrega 3/Proyecto Base.xpr}
Scanning sources...
Finished scanning sources
INFO: [IP_Flow 19-234] Refreshing IP repositories
INFO: [IP_Flow 19-1704] No user IP repositories specified
INFO: [IP_Flow 19-2313] Loaded Vivado IP repository 'C:/Xilinx/Vivado/2015.2/data/ip'.
open_project: Time (s): cpu = 00:00:19 ; elapsed = 00:00:08 . Memory (MB): peak = 752.293 ; gain = 178.645
reset_run synth_1
launch_runs synth_1
INFO: [HDL 9-1061] Parsing VHDL file "C:/Users/Jorge/Desktop/ArquiProyectos/Entrega 3/Proyecto Base.srcs/sources_1/new/ADD16b.vhd" into library xil_defaultlib [C:/Users/Jorge/Desktop/ArquiProyectos/Entrega 3/Proyecto Base.srcs/sources_1/new/ADD16b.vhd:1]
INFO: [HDL 9-1061] Parsing VHDL file "C:/Users/Jorge/Desktop/ArquiProyectos/Entrega 3/Proyecto Base.srcs/sources_1/new/ALU.vhd" into library xil_defaultlib [C:/Users/Jorge/Desktop/ArquiProyectos/Entrega 3/Proyecto Base.srcs/sources_1/new/ALU.vhd:1]
INFO: [HDL 9-1061] Parsing VHDL file "C:/Users/Jorge/Desktop/ArquiProyectos/Entrega 3/Proyecto Base.srcs/sources_1/new/AND16b.vhd" into library xil_defaultlib [C:/Users/Jorge/Desktop/ArquiProyectos/Entrega 3/Proyecto Base.srcs/sources_1/new/AND16b.vhd:1]
INFO: [HDL 9-1061] Parsing VHDL file "C:/Users/Jorge/Desktop/ArquiProyectos/Entrega 3/Proyecto Base.srcs/sources_1/new/Basys3.vhd" into library xil_defaultlib [C:/Users/Jorge/Desktop/ArquiProyectos/Entrega 3/Proyecto Base.srcs/sources_1/new/Basys3.vhd:1]
INFO: [HDL 9-1061] Parsing VHDL file "C:/Users/Jorge/Desktop/ArquiProyectos/Entrega 3/Proyecto Base.srcs/sources_1/new/CU.vhd" into library xil_defaultlib [C:/Users/Jorge/Desktop/ArquiProyectos/Entrega 3/Proyecto Base.srcs/sources_1/new/CU.vhd:1]
INFO: [HDL 9-1061] Parsing VHDL file "C:/Users/Jorge/Desktop/ArquiProyectos/Entrega 3/Proyecto Base.srcs/sources_1/imports/new/Clock_Divider.vhd" into library xil_defaultlib [C:/Users/Jorge/Desktop/ArquiProyectos/Entrega 3/Proyecto Base.srcs/sources_1/imports/new/Clock_Divider.vhd:1]
INFO: [HDL 9-1061] Parsing VHDL file "C:/Users/Jorge/Desktop/ArquiProyectos/Entrega 3/Proyecto Base.srcs/sources_1/imports/new/Debouncer.vhd" into library xil_defaultlib [C:/Users/Jorge/Desktop/ArquiProyectos/Entrega 3/Proyecto Base.srcs/sources_1/imports/new/Debouncer.vhd:1]
INFO: [HDL 9-1061] Parsing VHDL file "C:/Users/Jorge/Desktop/ArquiProyectos/Entrega 3/Proyecto Base.srcs/sources_1/new/FA.vhd" into library xil_defaultlib [C:/Users/Jorge/Desktop/ArquiProyectos/Entrega 3/Proyecto Base.srcs/sources_1/new/FA.vhd:1]
INFO: [HDL 9-1061] Parsing VHDL file "C:/Users/Jorge/Desktop/ArquiProyectos/Entrega 3/Proyecto Base.srcs/sources_1/new/HA.vhd" into library xil_defaultlib [C:/Users/Jorge/Desktop/ArquiProyectos/Entrega 3/Proyecto Base.srcs/sources_1/new/HA.vhd:1]
INFO: [HDL 9-1061] Parsing VHDL file "C:/Users/Jorge/Desktop/ArquiProyectos/Entrega 3/Proyecto Base.srcs/sources_1/new/Led_Driver.vhd" into library xil_defaultlib [C:/Users/Jorge/Desktop/ArquiProyectos/Entrega 3/Proyecto Base.srcs/sources_1/new/Led_Driver.vhd:1]
INFO: [HDL 9-1061] Parsing VHDL file "C:/Users/Jorge/Desktop/ArquiProyectos/Entrega 3/Proyecto Base.srcs/sources_1/new/MUX.vhd" into library xil_defaultlib [C:/Users/Jorge/Desktop/ArquiProyectos/Entrega 3/Proyecto Base.srcs/sources_1/new/MUX.vhd:1]
INFO: [HDL 9-1061] Parsing VHDL file "C:/Users/Jorge/Desktop/ArquiProyectos/Entrega 3/Proyecto Base.srcs/sources_1/new/MUXIO.vhd" into library xil_defaultlib [C:/Users/Jorge/Desktop/ArquiProyectos/Entrega 3/Proyecto Base.srcs/sources_1/new/MUXIO.vhd:1]
INFO: [HDL 9-1061] Parsing VHDL file "C:/Users/Jorge/Desktop/ArquiProyectos/Entrega 3/Proyecto Base.srcs/sources_1/new/MUX_2b_12d.vhd" into library xil_defaultlib [C:/Users/Jorge/Desktop/ArquiProyectos/Entrega 3/Proyecto Base.srcs/sources_1/new/MUX_2b_12d.vhd:1]
INFO: [HDL 9-1061] Parsing VHDL file "C:/Users/Jorge/Desktop/ArquiProyectos/Entrega 3/Proyecto Base.srcs/sources_1/new/NOT16b.vhd" into library xil_defaultlib [C:/Users/Jorge/Desktop/ArquiProyectos/Entrega 3/Proyecto Base.srcs/sources_1/new/NOT16b.vhd:1]
INFO: [HDL 9-1061] Parsing VHDL file "C:/Users/Jorge/Desktop/ArquiProyectos/Entrega 3/Proyecto Base.srcs/sources_1/new/OR16b.vhd" into library xil_defaultlib [C:/Users/Jorge/Desktop/ArquiProyectos/Entrega 3/Proyecto Base.srcs/sources_1/new/OR16b.vhd:1]
INFO: [HDL 9-1061] Parsing VHDL file "C:/Users/Jorge/Desktop/ArquiProyectos/Entrega 3/Proyecto Base.srcs/sources_1/new/PC.vhd" into library xil_defaultlib [C:/Users/Jorge/Desktop/ArquiProyectos/Entrega 3/Proyecto Base.srcs/sources_1/new/PC.vhd:1]
INFO: [HDL 9-1061] Parsing VHDL file "C:/Users/Jorge/Desktop/ArquiProyectos/Entrega 3/Proyecto Base.srcs/sources_1/new/RAM.vhd" into library xil_defaultlib [C:/Users/Jorge/Desktop/ArquiProyectos/Entrega 3/Proyecto Base.srcs/sources_1/new/RAM.vhd:1]
INFO: [HDL 9-1061] Parsing VHDL file "C:/Users/Jorge/Desktop/ArquiProyectos/Entrega 3/Proyecto Base.srcs/sources_1/new/ROM.vhd" into library xil_defaultlib [C:/Users/Jorge/Desktop/ArquiProyectos/Entrega 3/Proyecto Base.srcs/sources_1/new/ROM.vhd:1]
INFO: [HDL 9-1061] Parsing VHDL file "C:/Users/Jorge/Desktop/ArquiProyectos/Entrega 3/Proyecto Base.srcs/sources_1/new/Reg.vhd" into library xil_defaultlib [C:/Users/Jorge/Desktop/ArquiProyectos/Entrega 3/Proyecto Base.srcs/sources_1/new/Reg.vhd:1]
INFO: [HDL 9-1061] Parsing VHDL file "C:/Users/Jorge/Desktop/ArquiProyectos/Entrega 3/Proyecto Base.srcs/sources_1/new/SUS16b.vhd" into library xil_defaultlib [C:/Users/Jorge/Desktop/ArquiProyectos/Entrega 3/Proyecto Base.srcs/sources_1/new/SUS16b.vhd:1]
INFO: [HDL 9-1061] Parsing VHDL file "C:/Users/Jorge/Desktop/ArquiProyectos/Entrega 3/Proyecto Base.srcs/sources_1/new/ShiftL16b.vhd" into library xil_defaultlib [C:/Users/Jorge/Desktop/ArquiProyectos/Entrega 3/Proyecto Base.srcs/sources_1/new/ShiftL16b.vhd:1]
INFO: [HDL 9-1061] Parsing VHDL file "C:/Users/Jorge/Desktop/ArquiProyectos/Entrega 3/Proyecto Base.srcs/sources_1/new/ShiftR16b.vhd" into library xil_defaultlib [C:/Users/Jorge/Desktop/ArquiProyectos/Entrega 3/Proyecto Base.srcs/sources_1/new/ShiftR16b.vhd:1]
INFO: [HDL 9-1061] Parsing VHDL file "C:/Users/Jorge/Desktop/ArquiProyectos/Entrega 3/Proyecto Base.srcs/sources_1/imports/new/Timer.vhd" into library xil_defaultlib [C:/Users/Jorge/Desktop/ArquiProyectos/Entrega 3/Proyecto Base.srcs/sources_1/imports/new/Timer.vhd:1]
INFO: [HDL 9-1061] Parsing VHDL file "C:/Users/Jorge/Desktop/ArquiProyectos/Entrega 3/Proyecto Base.srcs/sources_1/new/UART_TX_CTRL.vhd" into library xil_defaultlib [C:/Users/Jorge/Desktop/ArquiProyectos/Entrega 3/Proyecto Base.srcs/sources_1/new/UART_TX_CTRL.vhd:1]
INFO: [HDL 9-1061] Parsing VHDL file "C:/Users/Jorge/Desktop/ArquiProyectos/Entrega 3/Proyecto Base.srcs/sources_1/new/XOR16b.vhd" into library xil_defaultlib [C:/Users/Jorge/Desktop/ArquiProyectos/Entrega 3/Proyecto Base.srcs/sources_1/new/XOR16b.vhd:1]
INFO: [HDL 9-1061] Parsing VHDL file "C:/Users/Jorge/Desktop/ArquiProyectos/Entrega 3/Proyecto Base.srcs/sources_1/new/reg_3b.vhd" into library xil_defaultlib [C:/Users/Jorge/Desktop/ArquiProyectos/Entrega 3/Proyecto Base.srcs/sources_1/new/reg_3b.vhd:1]
[Thu Nov 19 00:05:16 2015] Launched synth_1...
Run output will be captured here: C:/Users/Jorge/Desktop/ArquiProyectos/Entrega 3/Proyecto Base.runs/synth_1/runme.log
launch_runs impl_1
[Thu Nov 19 00:06:28 2015] Launched impl_1...
Run output will be captured here: C:/Users/Jorge/Desktop/ArquiProyectos/Entrega 3/Proyecto Base.runs/impl_1/runme.log
exit
INFO: [Common 17-206] Exiting Vivado at Thu Nov 19 00:37:08 2015...
