#-----------------------------------------------------------
# Vivado v2015.2 (64-bit)
# SW Build 1266856 on Fri Jun 26 16:35:25 MDT 2015
# IP Build 1264090 on Wed Jun 24 14:22:01 MDT 2015
# Start of session at: Sat Oct 10 18:22:19 2015
# Process ID: 6132
# Log file: C:/Users/Nacosta/Documents/DEV/Arqui/ArquiProyectos/Entrega 3/vivado.log
# Journal file: C:/Users/Nacosta/Documents/DEV/Arqui/ArquiProyectos/Entrega 3\vivado.jou
#-----------------------------------------------------------
start_gui
open_project {C:/Users/Nacosta/Documents/DEV/Arqui/ArquiProyectos/Entrega 3/Proyecto Base.xpr}
INFO: [Project 1-313] Project file moved from 'C:/Users/Nacosta/Documents/DEV/Arqui/ArquiProyectos/Entrega 2' since last save.
Scanning sources...
Finished scanning sources
INFO: [IP_Flow 19-234] Refreshing IP repositories
INFO: [IP_Flow 19-1704] No user IP repositories specified
INFO: [IP_Flow 19-2313] Loaded Vivado IP repository 'C:/Xilinx/Vivado/2015.2/data/ip'.
open_project: Time (s): cpu = 00:00:34 ; elapsed = 00:00:18 . Memory (MB): peak = 687.680 ; gain = 139.344
add_files -norecurse {{C:/Users/Nacosta/Documents/DEV/Arqui/ArquiProyectos/Entrega 3/Proyecto Base.srcs/sources_1/new/UART_TX_CTRL.vhd}}
update_compile_order -fileset sources_1
update_compile_order -fileset sources_1
reset_run synth_1
launch_runs impl_1
[Sat Oct 10 19:40:22 2015] Launched synth_1...
Run output will be captured here: C:/Users/Nacosta/Documents/DEV/Arqui/ArquiProyectos/Entrega 3/Proyecto Base.runs/synth_1/runme.log
[Sat Oct 10 19:40:22 2015] Launched impl_1...
Run output will be captured here: C:/Users/Nacosta/Documents/DEV/Arqui/ArquiProyectos/Entrega 3/Proyecto Base.runs/impl_1/runme.log
launch_runs: Time (s): cpu = 00:00:03 ; elapsed = 00:00:05 . Memory (MB): peak = 725.859 ; gain = 0.000
exit
INFO: [Common 17-206] Exiting Vivado at Sat Oct 10 19:57:46 2015...
