#-----------------------------------------------------------
# Vivado v2015.2 (64-bit)
# SW Build 1266856 on Fri Jun 26 16:35:25 MDT 2015
# IP Build 1264090 on Wed Jun 24 14:22:01 MDT 2015
# Start of session at: Sat Oct 17 18:24:32 2015
# Process ID: 7492
# Log file: C:/Users/Nacosta/Documents/DEV/Arqui/ArquiProyectos/Entrega 3/vivado.log
# Journal file: C:/Users/Nacosta/Documents/DEV/Arqui/ArquiProyectos/Entrega 3\vivado.jou
#-----------------------------------------------------------
start_gui
open_project {C:/Users/Nacosta/Documents/DEV/Arqui/ArquiProyectos/Entrega 3/Proyecto Base.xpr}
Scanning sources...
Finished scanning sources
INFO: [Common 17-41] Interrupt caught. Command should exit soon.
INFO: [IP_Flow 19-234] Refreshing IP repositories
INFO: [IP_Flow 19-1704] No user IP repositories specified
INFO: [IP_Flow 19-2338] Canceling the changes to the IP catalog. Reverting the catalog back to its previous state.
INFO: [IP_Flow 19-2340] The IP catalog has been returned to its previous state.
INFO: [Common 17-344] 'open_project' was cancelled
update_compile_order -fileset sources_1
update_compile_order -fileset sources_1
update_compile_order -fileset sim_1
exit
INFO: [Common 17-206] Exiting Vivado at Sat Oct 17 18:25:20 2015...
